\BOOKMARK [0][-]{chapter.1}{Algorithmic Complexity}{}% 1
\BOOKMARK [1][-]{section.1.1}{Complexity analysis}{chapter.1}% 2
\BOOKMARK [1][-]{section.1.2}{Asymptotic notation}{chapter.1}% 3
\BOOKMARK [1][-]{section.1.3}{Recursive algorithms}{chapter.1}% 4
\BOOKMARK [1][-]{section.1.4}{Master Theorem}{chapter.1}% 5
\BOOKMARK [0][-]{chapter.2}{Data Structures}{}% 6
\BOOKMARK [1][-]{section.2.1}{Linked list}{chapter.2}% 7
\BOOKMARK [2][-]{subsection.2.1.1}{Inserting item into linked list}{section.2.1}% 8
\BOOKMARK [2][-]{subsection.2.1.2}{Deleting item from linked list}{section.2.1}% 9
\BOOKMARK [2][-]{subsection.2.1.3}{Search element in a linked list using key}{section.2.1}% 10
\BOOKMARK [2][-]{subsection.2.1.4}{Reversing a linked list}{section.2.1}% 11
\BOOKMARK [2][-]{subsection.2.1.5}{Check if a linked list is palindrome or not \(in constant space complexity\)}{section.2.1}% 12
\BOOKMARK [1][-]{section.2.2}{Stack}{chapter.2}% 13
\BOOKMARK [2][-]{subsection.2.2.1}{Reverse a string using stack}{section.2.2}% 14
\BOOKMARK [2][-]{subsection.2.2.2}{Convert decimal to binary using stack}{section.2.2}% 15
\BOOKMARK [2][-]{subsection.2.2.3}{Check the balancing and ordering of parentheses in an expression}{section.2.2}% 16
\BOOKMARK [1][-]{section.2.3}{Queue}{chapter.2}% 17
\BOOKMARK [2][-]{subsection.2.3.1}{Priority queue}{section.2.3}% 18
\BOOKMARK [2][-]{subsection.2.3.2}{Deque}{section.2.3}% 19
\BOOKMARK [2][-]{subsection.2.3.3}{Palindrome checker using deque}{section.2.3}% 20
\BOOKMARK [2][-]{subsection.2.3.4}{Python collection.deque module}{section.2.3}% 21
\BOOKMARK [1][-]{section.2.4}{Tree}{chapter.2}% 22
\BOOKMARK [2][-]{subsection.2.4.1}{Binary tree}{section.2.4}% 23
\BOOKMARK [2][-]{subsection.2.4.2}{Depth First Search of a Binary tree}{section.2.4}% 24
\BOOKMARK [2][-]{subsection.2.4.3}{Breadth First Search of a Tree}{section.2.4}% 25
\BOOKMARK [1][-]{section.2.5}{Binary Search Tree \(BST\)}{chapter.2}% 26
\BOOKMARK [2][-]{subsection.2.5.1}{Insertion operation}{section.2.5}% 27
\BOOKMARK [2][-]{subsection.2.5.2}{Search operation}{section.2.5}% 28
\BOOKMARK [2][-]{subsection.2.5.3}{Finding the min and max value}{section.2.5}% 29
\BOOKMARK [2][-]{subsection.2.5.4}{Height and size of BST}{section.2.5}% 30
\BOOKMARK [2][-]{subsection.2.5.5}{Finding the parent node}{section.2.5}% 31
\BOOKMARK [2][-]{subsection.2.5.6}{Successor and Predecessor}{section.2.5}% 32
\BOOKMARK [2][-]{subsection.2.5.7}{Delete operation}{section.2.5}% 33
\BOOKMARK [1][-]{section.2.6}{Hash table}{chapter.2}% 34
\BOOKMARK [2][-]{subsection.2.6.1}{Hashing function}{section.2.6}% 35
\BOOKMARK [2][-]{subsection.2.6.2}{Hash collision}{section.2.6}% 36
\BOOKMARK [1][-]{section.2.7}{Heap}{chapter.2}% 37
\BOOKMARK [2][-]{subsection.2.7.1}{Heapify}{section.2.7}% 38
\BOOKMARK [2][-]{subsection.2.7.2}{Percolation: Bubbling up and down}{section.2.7}% 39
\BOOKMARK [2][-]{subsection.2.7.3}{Insert element into heap}{section.2.7}% 40
\BOOKMARK [2][-]{subsection.2.7.4}{Delete element from heap}{section.2.7}% 41
\BOOKMARK [2][-]{subsection.2.7.5}{Heap sort}{section.2.7}% 42
\BOOKMARK [2][-]{subsection.2.7.6}{Priority queues}{section.2.7}% 43
\BOOKMARK [1][-]{section.2.8}{Graph}{chapter.2}% 44
\BOOKMARK [2][-]{subsection.2.8.1}{Directed and Undirected graph}{section.2.8}% 45
\BOOKMARK [2][-]{subsection.2.8.2}{Graph terminologies}{section.2.8}% 46
\BOOKMARK [2][-]{subsection.2.8.3}{Graph implementations}{section.2.8}% 47
\BOOKMARK [2][-]{subsection.2.8.4}{Depth First Search \(DFS\)}{section.2.8}% 48
\BOOKMARK [2][-]{subsection.2.8.5}{Breadth First Search \(BFS\)}{section.2.8}% 49
\BOOKMARK [2][-]{subsection.2.8.6}{Shortest path}{section.2.8}% 50
\BOOKMARK [2][-]{subsection.2.8.7}{Minimum spanning tree \(MST\)}{section.2.8}% 51
\BOOKMARK [0][-]{chapter.3}{Algorithm Techniques}{}% 52
\BOOKMARK [1][-]{section.3.1}{Brute force approach}{chapter.3}% 53
\BOOKMARK [2][-]{subsection.3.1.1}{Linear search}{section.3.1}% 54
\BOOKMARK [1][-]{section.3.2}{Divide and Conquer method}{chapter.3}% 55
\BOOKMARK [2][-]{subsection.3.2.1}{Binary search}{section.3.2}% 56
\BOOKMARK [1][-]{section.3.3}{Greedy approach}{chapter.3}% 57
\BOOKMARK [2][-]{subsection.3.3.1}{Coin change problem}{section.3.3}% 58
\BOOKMARK [2][-]{subsection.3.3.2}{Job sequencing problem with deadlines}{section.3.3}% 59
\BOOKMARK [2][-]{subsection.3.3.3}{Fractional knapsack problem}{section.3.3}% 60
\BOOKMARK [1][-]{section.3.4}{Backtracking method}{chapter.3}% 61
\BOOKMARK [2][-]{subsection.3.4.1}{Suitcase password problem}{section.3.4}% 62
\BOOKMARK [2][-]{subsection.3.4.2}{Permutation of a string}{section.3.4}% 63
\BOOKMARK [0][-]{chapter.4}{Sorting Algorithms}{}% 64
\BOOKMARK [1][-]{section.4.1}{Bubble sort}{chapter.4}% 65
\BOOKMARK [1][-]{section.4.2}{Selection sort}{chapter.4}% 66
\BOOKMARK [1][-]{section.4.3}{Insertion sort}{chapter.4}% 67
\BOOKMARK [1][-]{section.4.4}{Quick sort}{chapter.4}% 68
\BOOKMARK [1][-]{section.4.5}{Merge sort}{chapter.4}% 69
\BOOKMARK [0][-]{chapter.5}{Dynamic Programming}{}% 70
\BOOKMARK [1][-]{section.5.1}{Fibonacci sequence}{chapter.5}% 71
\BOOKMARK [1][-]{section.5.2}{Integers from a given list to add up to a number}{chapter.5}% 72
\BOOKMARK [1][-]{section.5.3}{House robber problem}{chapter.5}% 73
\BOOKMARK [1][-]{section.5.4}{0/1 Knapsack problem}{chapter.5}% 74
\BOOKMARK [1][-]{section.5.5}{Longest common subsequence \(LCS\)}{chapter.5}% 75
\BOOKMARK [0][-]{chapter.6}{More Algorithms}{}% 76
\BOOKMARK [1][-]{section.6.1}{Find smallest and largest number}{chapter.6}% 77
\BOOKMARK [1][-]{section.6.2}{Swap values without using temporary variable}{chapter.6}% 78
\BOOKMARK [1][-]{section.6.3}{Array chunking}{chapter.6}% 79
\BOOKMARK [1][-]{section.6.4}{Get nth prime number}{chapter.6}% 80
\BOOKMARK [1][-]{section.6.5}{FizzBuzz problem}{chapter.6}% 81
\BOOKMARK [1][-]{section.6.6}{Anagram checker}{chapter.6}% 82
\BOOKMARK [1][-]{section.6.7}{Missing number}{chapter.6}% 83
\BOOKMARK [1][-]{section.6.8}{Find pair that sums up to k}{chapter.6}% 84
\BOOKMARK [1][-]{section.6.9}{First repeating character}{chapter.6}% 85
\BOOKMARK [1][-]{section.6.10}{Remove duplicates}{chapter.6}% 86
\BOOKMARK [1][-]{section.6.11}{Find duplicate value}{chapter.6}% 87
\BOOKMARK [1][-]{section.6.12}{Maximum sub-array sum}{chapter.6}% 88
\BOOKMARK [1][-]{section.6.13}{Rotation checker}{chapter.6}% 89
\BOOKMARK [1][-]{section.6.14}{Reverse words in a given sentence}{chapter.6}% 90
\BOOKMARK [1][-]{section.6.15}{Check subsequence}{chapter.6}% 91
\BOOKMARK [1][-]{section.6.16}{Reversing a binary tree}{chapter.6}% 92
\BOOKMARK [1][-]{section.6.17}{Check for BST}{chapter.6}% 93
\BOOKMARK [1][-]{section.6.18}{Longest sub-string without repeating characters}{chapter.6}% 94
\BOOKMARK [1][-]{section.6.19}{Finding a peak element}{chapter.6}% 95
\BOOKMARK [1][-]{section.6.20}{Ways to climb a stair}{chapter.6}% 96
\BOOKMARK [1][-]{section.6.21}{Coin change}{chapter.6}% 97
\BOOKMARK [1][-]{section.6.22}{Minimum number of coins for change}{chapter.6}% 98
\BOOKMARK [1][-]{section.6.23}{Cutting a rod}{chapter.6}% 99
\BOOKMARK [1][-]{section.6.24}{Numerical solution of an equation}{chapter.6}% 100
\BOOKMARK [2][-]{subsection.6.24.1}{Bisection method}{section.6.24}% 101
\BOOKMARK [2][-]{subsection.6.24.2}{Secant method}{section.6.24}% 102
\BOOKMARK [2][-]{subsection.6.24.3}{Newton-Raphson method}{section.6.24}% 103
\BOOKMARK [2][-]{subsection.6.24.4}{Regula-falsi method}{section.6.24}% 104
\BOOKMARK [1][-]{section.6.25}{Edit distance \(Levenshtein distance\)}{chapter.6}% 105
